<?xml version="1.0" encoding="UTF-8"?>
<!-- Generated by org.testng.reporters.JUnitReportReporter -->
<testsuite hostname="MOHNANI" failures="0" tests="3" name="testCases.TestClassA" time="44.719" errors="0" timestamp="2021-04-22T01:58:12 IST" skipped="0">
  <testcase classname="testCases.TestClassA" name="test3" time="14.675"/>
  <system-out/>
  <testcase classname="testCases.TestClassA" name="test1" time="15.486"/>
  <system-out/>
  <testcase classname="testCases.TestClassA" name="test2" time="14.558"/>
  <system-out/>
</testsuite> <!-- testCases.TestClassA -->
