<?xml version="1.0" encoding="UTF-8"?>
<!-- Generated by org.testng.reporters.JUnitReportReporter -->
<testsuite hostname="MOHNANI" failures="0" tests="2" name="testCases.TestClassA" time="67.670" errors="0" timestamp="2021-04-15T00:10:00 IST" skipped="0">
  <testcase classname="testCases.TestClassA" name="test2" time="22.341"/>
  <system-out/>
  <testcase classname="testCases.TestClassA" name="test1" time="45.329"/>
  <system-out/>
</testsuite> <!-- testCases.TestClassA -->
